[2026-02-07 18:41:14] [hacker] login
[2026-02-07 18:43:23] [hacker] login
[2026-02-07 19:18:35] [hacker] executed Password Checker
[2026-02-07 19:39:19] [hacker] executed AI Assistant
[2026-02-07 19:39:19] [hacker] ai assistant
[2026-02-07 20:07:28] [hacker] executed AI Assistant
[2026-02-07 20:07:28] [hacker] ai assistant
[2026-02-08 10:03:17] [hacker] created owner account
[2026-02-08 10:13:54] [hacker] login
[2026-02-08 10:14:47] [hacker] executed System Info
[2026-02-08 10:15:01] [hacker] executed Username Search
[2026-02-08 10:16:05] [hacker] searched username erik vuagniaux
[2026-02-08 10:41:56] [hacker] created owner account
[2026-02-08 10:42:18] [hacker] login
[2026-02-08 11:15:17] [hacker] login
[2026-02-08 11:15:23] [hacker] executed AI Assistant
[2026-02-08 11:15:23] [hacker] ai assistant
[2026-02-08 11:16:53] [hacker] executed AI Assistant
[2026-02-08 11:16:53] [hacker] ai assistant
[2026-02-08 11:16:58] [hacker] executed AI Assistant
[2026-02-08 11:16:58] [hacker] ai assistant
[2026-02-08 11:24:34] [hacker] login
[2026-02-08 11:24:37] [hacker] executed AI Assistant
[2026-02-08 11:24:37] [hacker] ai assistant
[2026-02-08 11:26:07] [hacker] login
[2026-02-08 11:26:09] [hacker] executed AI Assistant
[2026-02-08 11:26:09] [hacker] ai assistant
[2026-02-08 12:09:13] [hacker] login
[2026-02-08 12:09:21] [hacker] executed Username Search
[2026-02-08 12:09:29] [hacker] searched username erik
[2026-02-08 12:13:33] [hacker] executed Username Search
[2026-02-08 12:13:48] [hacker] searched username theresf
[2026-02-08 12:14:20] [hacker] executed Email Lookup
[2026-02-08 12:14:35] [hacker] email lookup erikvuagniaux@gmail.com
[2026-02-08 12:42:24] [hacker] login
